8942  execve("./shell", ["./shell"], 0x7fffffffe0b8 /* 35 vars */) = 0
8943  execve("/home/eden/.vscode-server/cli/servers/Stable-384ff7382de624fb94dbaf6da11977bba1ecd427/server/bin/remote-cli/ps", ["ps", "aux"], 0x7fffffffe0e8 /* 35 vars */) = -1 ENOENT (No such file or directory)
8943  execve("/usr/local/sbin/ps", ["ps", "aux"], 0x7fffffffe0e8 /* 35 vars */) = -1 ENOENT (No such file or directory)
8943  execve("/usr/local/bin/ps", ["ps", "aux"], 0x7fffffffe0e8 /* 35 vars */) = -1 ENOENT (No such file or directory)
8943  execve("/usr/sbin/ps", ["ps", "aux"], 0x7fffffffe0e8 /* 35 vars */) = -1 ENOENT (No such file or directory)
8943  execve("/usr/bin/ps", ["ps", "aux"], 0x7fffffffe0e8 /* 35 vars */) = 0
8943  --- SIGPIPE {si_signo=SIGPIPE, si_code=SI_USER, si_pid=8943, si_uid=1001} ---
8943  +++ exited with 0 +++
8942  --- SIGCHLD {si_signo=SIGCHLD, si_code=CLD_EXITED, si_pid=8943, si_uid=1001, si_status=0, si_utime=0, si_stime=1} ---
8944  execve("/home/eden/.vscode-server/cli/servers/Stable-384ff7382de624fb94dbaf6da11977bba1ecd427/server/bin/remote-cli/awk", ["awk", "/usr/{print $1}"], 0x7fffffffe0e8 /* 35 vars */) = -1 ENOENT (No such file or directory)
8944  execve("/usr/local/sbin/awk", ["awk", "/usr/{print $1}"], 0x7fffffffe0e8 /* 35 vars */) = -1 ENOENT (No such file or directory)
8944  execve("/usr/local/bin/awk", ["awk", "/usr/{print $1}"], 0x7fffffffe0e8 /* 35 vars */) = -1 ENOENT (No such file or directory)
8944  execve("/usr/sbin/awk", ["awk", "/usr/{print $1}"], 0x7fffffffe0e8 /* 35 vars */) = -1 ENOENT (No such file or directory)
8944  execve("/usr/bin/awk", ["awk", "/usr/{print $1}"], 0x7fffffffe0e8 /* 35 vars */) = 0
8944  +++ exited with 0 +++
8942  --- SIGCHLD {si_signo=SIGCHLD, si_code=CLD_EXITED, si_pid=8944, si_uid=1001, si_status=0, si_utime=0, si_stime=0} ---
8945  execve("/home/eden/.vscode-server/cli/servers/Stable-384ff7382de624fb94dbaf6da11977bba1ecd427/server/bin/remote-cli/sort", ["sort", "-r"], 0x7fffffffe0e8 /* 35 vars */) = -1 ENOENT (No such file or directory)
8945  execve("/usr/local/sbin/sort", ["sort", "-r"], 0x7fffffffe0e8 /* 35 vars */) = -1 ENOENT (No such file or directory)
8945  execve("/usr/local/bin/sort", ["sort", "-r"], 0x7fffffffe0e8 /* 35 vars */) = -1 ENOENT (No such file or directory)
8945  execve("/usr/sbin/sort", ["sort", "-r"], 0x7fffffffe0e8 /* 35 vars */) = -1 ENOENT (No such file or directory)
8945  execve("/usr/bin/sort", ["sort", "-r"], 0x7fffffffe0e8 /* 35 vars */) = 0
8945  +++ exited with 0 +++
8942  --- SIGCHLD {si_signo=SIGCHLD, si_code=CLD_EXITED, si_pid=8945, si_uid=1001, si_status=0, si_utime=0, si_stime=0} ---
8942  --- SIGPIPE {si_signo=SIGPIPE, si_code=SI_USER, si_pid=8942, si_uid=1001} ---
8942  +++ killed by SIGPIPE +++
